23:12:37 **** Build of configuration Default for project DataViaWiFi ****
make app-flash 
CC main.o
AR libmain.a
LD app-template.elf
esptool.py v2.0-beta1
Flashing app to serial port /dev/ttyUSB0, offset 0x10000...
esptool.py v2.0-beta1
Connecting..........
Uploading stub...
Running stub...
Stub running...
Attaching SPI flash...
Configuring flash size...
Auto-detected Flash size: 4MB

Writing at 0x00010000... (3 %)
Writing at 0x00014000... (6 %)
Writing at 0x00018000... (9 %)
Writing at 0x0001c000... (12 %)
Writing at 0x00020000... (16 %)
Writing at 0x00024000... (19 %)
Writing at 0x00028000... (22 %)
Writing at 0x0002c000... (25 %)
Writing at 0x00030000... (29 %)
Writing at 0x00034000... (32 %)
Writing at 0x00038000... (35 %)
Writing at 0x0003c000... (38 %)
Writing at 0x00040000... (41 %)
Writing at 0x00044000... (45 %)
Writing at 0x00048000... (48 %)
Writing at 0x0004c000... (51 %)
Writing at 0x00050000... (54 %)
Writing at 0x00054000... (58 %)
Writing at 0x00058000... (61 %)
Writing at 0x0005c000... (64 %)
Writing at 0x00060000... (67 %)
Writing at 0x00064000... (70 %)
Writing at 0x00068000... (74 %)
Writing at 0x0006c000... (77 %)
Writing at 0x00070000... (80 %)
Writing at 0x00074000... (83 %)
Writing at 0x00078000... (87 %)
Writing at 0x0007c000... (90 %)
Writing at 0x00080000... (93 %)
Writing at 0x00084000... (96 %)
Writing at 0x00088000... (100 %)
Wrote 507904 bytes at 0x00010000 in 44.9 seconds (90.4 kbit/s)...
Hash of data verified.

Leaving...
Hard resetting...

23:13:26 Build Finished (took 48s.932ms)

