00:06:48 **** Build of configuration Default for project GeneralPurposeButton ****
make app-flash 
including /home/frode/esp/esp-idf/components/bootloader/Makefile.projbuild...
including /home/frode/esp/esp-idf/components/bootloader_support/Makefile.projbuild...
including /home/frode/esp/esp-idf/components/coap/Makefile.projbuild...
including /home/frode/esp/esp-idf/components/esp32/Makefile.projbuild...
including /home/frode/esp/esp-idf/components/esptool_py/Makefile.projbuild...
including /home/frode/esp/esp-idf/components/mbedtls/Makefile.projbuild...
including /home/frode/esp/esp-idf/components/nghttp/Makefile.projbuild...
including /home/frode/esp/esp-idf/components/partition_table/Makefile.projbuild...
make -C /home/frode/GIT/Ghost/ESP32/GeneralPurposeButton/build/app_update -f /home/frode/esp/esp-idf/make/component_wrapper.mk COMPONENT_MAKEFILE=/home/frode/esp/esp-idf/components/app_update/component.mk COMPONENT_NAME=app_update build
make[1]: Entering directory '/home/frode/GIT/Ghost/ESP32/GeneralPurposeButton/build/app_update'
make[1]: Leaving directory '/home/frode/GIT/Ghost/ESP32/GeneralPurposeButton/build/app_update'
Target 'app_update-build' responsible for '/home/frode/GIT/Ghost/ESP32/GeneralPurposeButton/build/app_update/libapp_update.a'
make -C /home/frode/GIT/Ghost/ESP32/GeneralPurposeButton/build/bootloader_support -f /home/frode/esp/esp-idf/make/component_wrapper.mk COMPONENT_MAKEFILE=/home/frode/esp/esp-idf/components/bootloader_support/component.mk COMPONENT_NAME=bootloader_support build
make[1]: Entering directory '/home/frode/GIT/Ghost/ESP32/GeneralPurposeButton/build/bootloader_support'
make[1]: Leaving directory '/home/frode/GIT/Ghost/ESP32/GeneralPurposeButton/build/bootloader_support'
Target 'bootloader_support-build' responsible for '/home/frode/GIT/Ghost/ESP32/GeneralPurposeButton/build/bootloader_support/libbootloader_support.a'
make -C /home/frode/GIT/Ghost/ESP32/GeneralPurposeButton/build/bt -f /home/frode/esp/esp-idf/make/component_wrapper.mk COMPONENT_MAKEFILE=/home/frode/esp/esp-idf/components/bt/component.mk COMPONENT_NAME=bt build
make[1]: Entering directory '/home/frode/GIT/Ghost/ESP32/GeneralPurposeButton/build/bt'
make[1]: Leaving directory '/home/frode/GIT/Ghost/ESP32/GeneralPurposeButton/build/bt'
Target 'bt-build' responsible for '/home/frode/GIT/Ghost/ESP32/GeneralPurposeButton/build/bt/libbt.a'
make -C /home/frode/GIT/Ghost/ESP32/GeneralPurposeButton/build/coap -f /home/frode/esp/esp-idf/make/component_wrapper.mk COMPONENT_MAKEFILE=/home/frode/esp/esp-idf/components/coap/component.mk COMPONENT_NAME=coap build
make[1]: Entering directory '/home/frode/GIT/Ghost/ESP32/GeneralPurposeButton/build/coap'
make[1]: Leaving directory '/home/frode/GIT/Ghost/ESP32/GeneralPurposeButton/build/coap'
Target 'coap-build' responsible for '/home/frode/GIT/Ghost/ESP32/GeneralPurposeButton/build/coap/libcoap.a'
make -C /home/frode/GIT/Ghost/ESP32/GeneralPurposeButton/build/cxx -f /home/frode/esp/esp-idf/make/component_wrapper.mk COMPONENT_MAKEFILE=/home/frode/esp/esp-idf/components/cxx/component.mk COMPONENT_NAME=cxx build
make[1]: Entering directory '/home/frode/GIT/Ghost/ESP32/GeneralPurposeButton/build/cxx'
make[1]: Leaving directory '/home/frode/GIT/Ghost/ESP32/GeneralPurposeButton/build/cxx'
Target 'cxx-build' responsible for '/home/frode/GIT/Ghost/ESP32/GeneralPurposeButton/build/cxx/libcxx.a'
make -C /home/frode/GIT/Ghost/ESP32/GeneralPurposeButton/build/driver -f /home/frode/esp/esp-idf/make/component_wrapper.mk COMPONENT_MAKEFILE=/home/frode/esp/esp-idf/components/driver/component.mk COMPONENT_NAME=driver build
make[1]: Entering directory '/home/frode/GIT/Ghost/ESP32/GeneralPurposeButton/build/driver'
make[1]: Leaving directory '/home/frode/GIT/Ghost/ESP32/GeneralPurposeButton/build/driver'
Target 'driver-build' responsible for '/home/frode/GIT/Ghost/ESP32/GeneralPurposeButton/build/driver/libdriver.a'
make -C /home/frode/GIT/Ghost/ESP32/GeneralPurposeButton/build/esp32 -f /home/frode/esp/esp-idf/make/component_wrapper.mk COMPONENT_MAKEFILE=/home/frode/esp/esp-idf/components/esp32/component.mk COMPONENT_NAME=esp32 build
make[1]: Entering directory '/home/frode/GIT/Ghost/ESP32/GeneralPurposeButton/build/esp32'
make[1]: Leaving directory '/home/frode/GIT/Ghost/ESP32/GeneralPurposeButton/build/esp32'
Target 'esp32-build' responsible for '/home/frode/GIT/Ghost/ESP32/GeneralPurposeButton/build/esp32/libesp32.a'
make -C /home/frode/GIT/Ghost/ESP32/GeneralPurposeButton/build/ethernet -f /home/frode/esp/esp-idf/make/component_wrapper.mk COMPONENT_MAKEFILE=/home/frode/esp/esp-idf/components/ethernet/component.mk COMPONENT_NAME=ethernet build
make[1]: Entering directory '/home/frode/GIT/Ghost/ESP32/GeneralPurposeButton/build/ethernet'
make[1]: Leaving directory '/home/frode/GIT/Ghost/ESP32/GeneralPurposeButton/build/ethernet'
Target 'ethernet-build' responsible for '/home/frode/GIT/Ghost/ESP32/GeneralPurposeButton/build/ethernet/libethernet.a'
make -C /home/frode/GIT/Ghost/ESP32/GeneralPurposeButton/build/expat -f /home/frode/esp/esp-idf/make/component_wrapper.mk COMPONENT_MAKEFILE=/home/frode/esp/esp-idf/components/expat/component.mk COMPONENT_NAME=expat build
make[1]: Entering directory '/home/frode/GIT/Ghost/ESP32/GeneralPurposeButton/build/expat'
make[1]: Leaving directory '/home/frode/GIT/Ghost/ESP32/GeneralPurposeButton/build/expat'
Target 'expat-build' responsible for '/home/frode/GIT/Ghost/ESP32/GeneralPurposeButton/build/expat/libexpat.a'
make -C /home/frode/GIT/Ghost/ESP32/GeneralPurposeButton/build/fatfs -f /home/frode/esp/esp-idf/make/component_wrapper.mk COMPONENT_MAKEFILE=/home/frode/esp/esp-idf/components/fatfs/component.mk COMPONENT_NAME=fatfs build
make[1]: Entering directory '/home/frode/GIT/Ghost/ESP32/GeneralPurposeButton/build/fatfs'
make[1]: Leaving directory '/home/frode/GIT/Ghost/ESP32/GeneralPurposeButton/build/fatfs'
Target 'fatfs-build' responsible for '/home/frode/GIT/Ghost/ESP32/GeneralPurposeButton/build/fatfs/libfatfs.a'
make -C /home/frode/GIT/Ghost/ESP32/GeneralPurposeButton/build/freertos -f /home/frode/esp/esp-idf/make/component_wrapper.mk COMPONENT_MAKEFILE=/home/frode/esp/esp-idf/components/freertos/component.mk COMPONENT_NAME=freertos build
make[1]: Entering directory '/home/frode/GIT/Ghost/ESP32/GeneralPurposeButton/build/freertos'
make[1]: Leaving directory '/home/frode/GIT/Ghost/ESP32/GeneralPurposeButton/build/freertos'
Target 'freertos-build' responsible for '/home/frode/GIT/Ghost/ESP32/GeneralPurposeButton/build/freertos/libfreertos.a'
make -C /home/frode/GIT/Ghost/ESP32/GeneralPurposeButton/build/json -f /home/frode/esp/esp-idf/make/component_wrapper.mk COMPONENT_MAKEFILE=/home/frode/esp/esp-idf/components/json/component.mk COMPONENT_NAME=json build
make[1]: Entering directory '/home/frode/GIT/Ghost/ESP32/GeneralPurposeButton/build/json'
make[1]: Leaving directory '/home/frode/GIT/Ghost/ESP32/GeneralPurposeButton/build/json'
Target 'json-build' responsible for '/home/frode/GIT/Ghost/ESP32/GeneralPurposeButton/build/json/libjson.a'
make -C /home/frode/GIT/Ghost/ESP32/GeneralPurposeButton/build/log -f /home/frode/esp/esp-idf/make/component_wrapper.mk COMPONENT_MAKEFILE=/home/frode/esp/esp-idf/components/log/component.mk COMPONENT_NAME=log build
make[1]: Entering directory '/home/frode/GIT/Ghost/ESP32/GeneralPurposeButton/build/log'
make[1]: Leaving directory '/home/frode/GIT/Ghost/ESP32/GeneralPurposeButton/build/log'
Target 'log-build' responsible for '/home/frode/GIT/Ghost/ESP32/GeneralPurposeButton/build/log/liblog.a'
make -C /home/frode/GIT/Ghost/ESP32/GeneralPurposeButton/build/lwip -f /home/frode/esp/esp-idf/make/component_wrapper.mk COMPONENT_MAKEFILE=/home/frode/esp/esp-idf/components/lwip/component.mk COMPONENT_NAME=lwip build
make[1]: Entering directory '/home/frode/GIT/Ghost/ESP32/GeneralPurposeButton/build/lwip'
make[1]: Leaving directory '/home/frode/GIT/Ghost/ESP32/GeneralPurposeButton/build/lwip'
Target 'lwip-build' responsible for '/home/frode/GIT/Ghost/ESP32/GeneralPurposeButton/build/lwip/liblwip.a'
make -C /home/frode/GIT/Ghost/ESP32/GeneralPurposeButton/build/mbedtls -f /home/frode/esp/esp-idf/make/component_wrapper.mk COMPONENT_MAKEFILE=/home/frode/esp/esp-idf/components/mbedtls/component.mk COMPONENT_NAME=mbedtls build
make[1]: Entering directory '/home/frode/GIT/Ghost/ESP32/GeneralPurposeButton/build/mbedtls'
make[1]: Leaving directory '/home/frode/GIT/Ghost/ESP32/GeneralPurposeButton/build/mbedtls'
Target 'mbedtls-build' responsible for '/home/frode/GIT/Ghost/ESP32/GeneralPurposeButton/build/mbedtls/libmbedtls.a'
make -C /home/frode/GIT/Ghost/ESP32/GeneralPurposeButton/build/mdns -f /home/frode/esp/esp-idf/make/component_wrapper.mk COMPONENT_MAKEFILE=/home/frode/esp/esp-idf/components/mdns/component.mk COMPONENT_NAME=mdns build
make[1]: Entering directory '/home/frode/GIT/Ghost/ESP32/GeneralPurposeButton/build/mdns'
make[1]: Leaving directory '/home/frode/GIT/Ghost/ESP32/GeneralPurposeButton/build/mdns'
Target 'mdns-build' responsible for '/home/frode/GIT/Ghost/ESP32/GeneralPurposeButton/build/mdns/libmdns.a'
make -C /home/frode/GIT/Ghost/ESP32/GeneralPurposeButton/build/micro-ecc -f /home/frode/esp/esp-idf/make/component_wrapper.mk COMPONENT_MAKEFILE=/home/frode/esp/esp-idf/components/micro-ecc/component.mk COMPONENT_NAME=micro-ecc build
make[1]: Entering directory '/home/frode/GIT/Ghost/ESP32/GeneralPurposeButton/build/micro-ecc'
make[1]: Leaving directory '/home/frode/GIT/Ghost/ESP32/GeneralPurposeButton/build/micro-ecc'
Target 'micro-ecc-build' responsible for '/home/frode/GIT/Ghost/ESP32/GeneralPurposeButton/build/micro-ecc/libmicro-ecc.a'
make -C /home/frode/GIT/Ghost/ESP32/GeneralPurposeButton/build/newlib -f /home/frode/esp/esp-idf/make/component_wrapper.mk COMPONENT_MAKEFILE=/home/frode/esp/esp-idf/components/newlib/component.mk COMPONENT_NAME=newlib build
make[1]: Entering directory '/home/frode/GIT/Ghost/ESP32/GeneralPurposeButton/build/newlib'
make[1]: Leaving directory '/home/frode/GIT/Ghost/ESP32/GeneralPurposeButton/build/newlib'
Target 'newlib-build' responsible for '/home/frode/GIT/Ghost/ESP32/GeneralPurposeButton/build/newlib/libnewlib.a'
make -C /home/frode/GIT/Ghost/ESP32/GeneralPurposeButton/build/nghttp -f /home/frode/esp/esp-idf/make/component_wrapper.mk COMPONENT_MAKEFILE=/home/frode/esp/esp-idf/components/nghttp/component.mk COMPONENT_NAME=nghttp build
make[1]: Entering directory '/home/frode/GIT/Ghost/ESP32/GeneralPurposeButton/build/nghttp'
make[1]: Leaving directory '/home/frode/GIT/Ghost/ESP32/GeneralPurposeButton/build/nghttp'
Target 'nghttp-build' responsible for '/home/frode/GIT/Ghost/ESP32/GeneralPurposeButton/build/nghttp/libnghttp.a'
make -C /home/frode/GIT/Ghost/ESP32/GeneralPurposeButton/build/nvs_flash -f /home/frode/esp/esp-idf/make/component_wrapper.mk COMPONENT_MAKEFILE=/home/frode/esp/esp-idf/components/nvs_flash/component.mk COMPONENT_NAME=nvs_flash build
make[1]: Entering directory '/home/frode/GIT/Ghost/ESP32/GeneralPurposeButton/build/nvs_flash'
make[1]: Leaving directory '/home/frode/GIT/Ghost/ESP32/GeneralPurposeButton/build/nvs_flash'
Target 'nvs_flash-build' responsible for '/home/frode/GIT/Ghost/ESP32/GeneralPurposeButton/build/nvs_flash/libnvs_flash.a'
make -C /home/frode/GIT/Ghost/ESP32/GeneralPurposeButton/build/openssl -f /home/frode/esp/esp-idf/make/component_wrapper.mk COMPONENT_MAKEFILE=/home/frode/esp/esp-idf/components/openssl/component.mk COMPONENT_NAME=openssl build
make[1]: Entering directory '/home/frode/GIT/Ghost/ESP32/GeneralPurposeButton/build/openssl'
make[1]: Leaving directory '/home/frode/GIT/Ghost/ESP32/GeneralPurposeButton/build/openssl'
Target 'openssl-build' responsible for '/home/frode/GIT/Ghost/ESP32/GeneralPurposeButton/build/openssl/libopenssl.a'
make -C /home/frode/GIT/Ghost/ESP32/GeneralPurposeButton/build/sdmmc -f /home/frode/esp/esp-idf/make/component_wrapper.mk COMPONENT_MAKEFILE=/home/frode/esp/esp-idf/components/sdmmc/component.mk COMPONENT_NAME=sdmmc build
make[1]: Entering directory '/home/frode/GIT/Ghost/ESP32/GeneralPurposeButton/build/sdmmc'
make[1]: Leaving directory '/home/frode/GIT/Ghost/ESP32/GeneralPurposeButton/build/sdmmc'
Target 'sdmmc-build' responsible for '/home/frode/GIT/Ghost/ESP32/GeneralPurposeButton/build/sdmmc/libsdmmc.a'
make -C /home/frode/GIT/Ghost/ESP32/GeneralPurposeButton/build/spi_flash -f /home/frode/esp/esp-idf/make/component_wrapper.mk COMPONENT_MAKEFILE=/home/frode/esp/esp-idf/components/spi_flash/component.mk COMPONENT_NAME=spi_flash build
make[1]: Entering directory '/home/frode/GIT/Ghost/ESP32/GeneralPurposeButton/build/spi_flash'
make[1]: Leaving directory '/home/frode/GIT/Ghost/ESP32/GeneralPurposeButton/build/spi_flash'
Target 'spi_flash-build' responsible for '/home/frode/GIT/Ghost/ESP32/GeneralPurposeButton/build/spi_flash/libspi_flash.a'
make -C /home/frode/GIT/Ghost/ESP32/GeneralPurposeButton/build/tcpip_adapter -f /home/frode/esp/esp-idf/make/component_wrapper.mk COMPONENT_MAKEFILE=/home/frode/esp/esp-idf/components/tcpip_adapter/component.mk COMPONENT_NAME=tcpip_adapter build
make[1]: Entering directory '/home/frode/GIT/Ghost/ESP32/GeneralPurposeButton/build/tcpip_adapter'
make[1]: Leaving directory '/home/frode/GIT/Ghost/ESP32/GeneralPurposeButton/build/tcpip_adapter'
Target 'tcpip_adapter-build' responsible for '/home/frode/GIT/Ghost/ESP32/GeneralPurposeButton/build/tcpip_adapter/libtcpip_adapter.a'
make -C /home/frode/GIT/Ghost/ESP32/GeneralPurposeButton/build/ulp -f /home/frode/esp/esp-idf/make/component_wrapper.mk COMPONENT_MAKEFILE=/home/frode/esp/esp-idf/components/ulp/component.mk COMPONENT_NAME=ulp build
make[1]: Entering directory '/home/frode/GIT/Ghost/ESP32/GeneralPurposeButton/build/ulp'
make[1]: Leaving directory '/home/frode/GIT/Ghost/ESP32/GeneralPurposeButton/build/ulp'
Target 'ulp-build' responsible for '/home/frode/GIT/Ghost/ESP32/GeneralPurposeButton/build/ulp/libulp.a'
make -C /home/frode/GIT/Ghost/ESP32/GeneralPurposeButton/build/vfs -f /home/frode/esp/esp-idf/make/component_wrapper.mk COMPONENT_MAKEFILE=/home/frode/esp/esp-idf/components/vfs/component.mk COMPONENT_NAME=vfs build
make[1]: Entering directory '/home/frode/GIT/Ghost/ESP32/GeneralPurposeButton/build/vfs'
make[1]: Leaving directory '/home/frode/GIT/Ghost/ESP32/GeneralPurposeButton/build/vfs'
Target 'vfs-build' responsible for '/home/frode/GIT/Ghost/ESP32/GeneralPurposeButton/build/vfs/libvfs.a'
make -C /home/frode/GIT/Ghost/ESP32/GeneralPurposeButton/build/wpa_supplicant -f /home/frode/esp/esp-idf/make/component_wrapper.mk COMPONENT_MAKEFILE=/home/frode/esp/esp-idf/components/wpa_supplicant/component.mk COMPONENT_NAME=wpa_supplicant build
make[1]: Entering directory '/home/frode/GIT/Ghost/ESP32/GeneralPurposeButton/build/wpa_supplicant'
make[1]: Leaving directory '/home/frode/GIT/Ghost/ESP32/GeneralPurposeButton/build/wpa_supplicant'
Target 'wpa_supplicant-build' responsible for '/home/frode/GIT/Ghost/ESP32/GeneralPurposeButton/build/wpa_supplicant/libwpa_supplicant.a'
make -C /home/frode/GIT/Ghost/ESP32/GeneralPurposeButton/build/xtensa-debug-module -f /home/frode/esp/esp-idf/make/component_wrapper.mk COMPONENT_MAKEFILE=/home/frode/esp/esp-idf/components/xtensa-debug-module/component.mk COMPONENT_NAME=xtensa-debug-module build
make[1]: Entering directory '/home/frode/GIT/Ghost/ESP32/GeneralPurposeButton/build/xtensa-debug-module'
make[1]: Leaving directory '/home/frode/GIT/Ghost/ESP32/GeneralPurposeButton/build/xtensa-debug-module'
Target 'xtensa-debug-module-build' responsible for '/home/frode/GIT/Ghost/ESP32/GeneralPurposeButton/build/xtensa-debug-module/libxtensa-debug-module.a'
make -C /home/frode/GIT/Ghost/ESP32/GeneralPurposeButton/build/main -f /home/frode/esp/esp-idf/make/component_wrapper.mk COMPONENT_MAKEFILE=/home/frode/GIT/Ghost/ESP32/GeneralPurposeButton/main/component.mk COMPONENT_NAME=main build
make[1]: Entering directory '/home/frode/GIT/Ghost/ESP32/GeneralPurposeButton/build/main'
make[1]: Leaving directory '/home/frode/GIT/Ghost/ESP32/GeneralPurposeButton/build/main'
Target 'main-build' responsible for '/home/frode/GIT/Ghost/ESP32/GeneralPurposeButton/build/main/libmain.a'
Flashing app to serial port /dev/ttyUSB0, offset 0x10000...
python /home/frode/esp/esp-idf/components/esptool_py/esptool/esptool.py --chip esp32 --port "/dev/ttyUSB0" --baud 115200 --before "default_reset" --after "hard_reset" write_flash -z --flash_mode "dio" --flash_freq "40m" --flash_size detect 0x10000 /home/frode/GIT/Ghost/ESP32/GeneralPurposeButton/build/app-template.bin
esptool.py v2.0-beta1
Connecting.........
Uploading stub...
Running stub...
Stub running...
Attaching SPI flash...
Configuring flash size...
Auto-detected Flash size: 4MB
Compressed 411024 bytes to 173103...

Writing at 0x00010000... (9 %)
Writing at 0x00014000... (18 %)
Writing at 0x00018000... (27 %)
Writing at 0x0001c000... (36 %)
Writing at 0x00020000... (45 %)
Writing at 0x00024000... (54 %)
Writing at 0x00028000... (63 %)
Writing at 0x0002c000... (72 %)
Writing at 0x00030000... (81 %)
Writing at 0x00034000... (90 %)
Writing at 0x00038000... (100 %)
Wrote 411024 bytes (173103 compressed) at 0x00010000 in 15.3 seconds (effective 215.2 kbit/s)...
Hash of data verified.

Leaving...
Hard resetting...
