23:57:01 **** Incremental Build of configuration Default for project IRSensors ****
make all 
including /home/frode/esp/esp-idf/components/bootloader/Makefile.projbuild...
including /home/frode/esp/esp-idf/components/bootloader_support/Makefile.projbuild...
including /home/frode/esp/esp-idf/components/coap/Makefile.projbuild...
including /home/frode/esp/esp-idf/components/esp32/Makefile.projbuild...
including /home/frode/esp/esp-idf/components/esptool_py/Makefile.projbuild...
including /home/frode/esp/esp-idf/components/mbedtls/Makefile.projbuild...
including /home/frode/esp/esp-idf/components/nghttp/Makefile.projbuild...
including /home/frode/esp/esp-idf/components/partition_table/Makefile.projbuild...
make -C /home/frode/esp/esp-idf/components/bootloader/src V=1 BUILD_DIR_BASE=/home/frode/GIT/Ghost/ESP32/IRSensors/build/bootloader TEST_COMPONENTS= /home/frode/GIT/Ghost/ESP32/IRSensors/build/bootloader/bootloader.bin
make[1]: Entering directory '/home/frode/esp/esp-idf/components/bootloader/src'
including /home/frode/esp/esp-idf/components/esptool_py/Makefile.projbuild...
including /home/frode/esp/esp-idf/components/bootloader/Makefile.projbuild...
including /home/frode/esp/esp-idf/components/bootloader_support/Makefile.projbuild...
including /home/frode/esp/esp-idf/components/bootloader/src/main/Makefile.projbuild...
make -C /home/frode/GIT/Ghost/ESP32/IRSensors/build/bootloader/bootloader_support -f /home/frode/esp/esp-idf/make/component_wrapper.mk COMPONENT_MAKEFILE=/home/frode/esp/esp-idf/components/bootloader_support/component.mk COMPONENT_NAME=bootloader_support build
make[2]: Entering directory '/home/frode/GIT/Ghost/ESP32/IRSensors/build/bootloader/bootloader_support'
make[2]: Leaving directory '/home/frode/GIT/Ghost/ESP32/IRSensors/build/bootloader/bootloader_support'
Target 'bootloader_support-build' responsible for '/home/frode/GIT/Ghost/ESP32/IRSensors/build/bootloader/bootloader_support/libbootloader_support.a'
make -C /home/frode/GIT/Ghost/ESP32/IRSensors/build/bootloader/log -f /home/frode/esp/esp-idf/make/component_wrapper.mk COMPONENT_MAKEFILE=/home/frode/esp/esp-idf/components/log/component.mk COMPONENT_NAME=log build
make[2]: Entering directory '/home/frode/GIT/Ghost/ESP32/IRSensors/build/bootloader/log'
make[2]: Leaving directory '/home/frode/GIT/Ghost/ESP32/IRSensors/build/bootloader/log'
Target 'log-build' responsible for '/home/frode/GIT/Ghost/ESP32/IRSensors/build/bootloader/log/liblog.a'
make -C /home/frode/GIT/Ghost/ESP32/IRSensors/build/bootloader/spi_flash -f /home/frode/esp/esp-idf/make/component_wrapper.mk COMPONENT_MAKEFILE=/home/frode/esp/esp-idf/components/spi_flash/component.mk COMPONENT_NAME=spi_flash build
make[2]: Entering directory '/home/frode/GIT/Ghost/ESP32/IRSensors/build/bootloader/spi_flash'
make[2]: Leaving directory '/home/frode/GIT/Ghost/ESP32/IRSensors/build/bootloader/spi_flash'
Target 'spi_flash-build' responsible for '/home/frode/GIT/Ghost/ESP32/IRSensors/build/bootloader/spi_flash/libspi_flash.a'
make -C /home/frode/GIT/Ghost/ESP32/IRSensors/build/bootloader/micro-ecc -f /home/frode/esp/esp-idf/make/component_wrapper.mk COMPONENT_MAKEFILE=/home/frode/esp/esp-idf/components/micro-ecc/component.mk COMPONENT_NAME=micro-ecc build
make[2]: Entering directory '/home/frode/GIT/Ghost/ESP32/IRSensors/build/bootloader/micro-ecc'
make[2]: Leaving directory '/home/frode/GIT/Ghost/ESP32/IRSensors/build/bootloader/micro-ecc'
Target 'micro-ecc-build' responsible for '/home/frode/GIT/Ghost/ESP32/IRSensors/build/bootloader/micro-ecc/libmicro-ecc.a'
make -C /home/frode/GIT/Ghost/ESP32/IRSensors/build/bootloader/main -f /home/frode/esp/esp-idf/make/component_wrapper.mk COMPONENT_MAKEFILE=/home/frode/esp/esp-idf/components/bootloader/src/main/component.mk COMPONENT_NAME=main build
make[2]: Entering directory '/home/frode/GIT/Ghost/ESP32/IRSensors/build/bootloader/main'
make[2]: Leaving directory '/home/frode/GIT/Ghost/ESP32/IRSensors/build/bootloader/main'
Target 'main-build' responsible for '/home/frode/GIT/Ghost/ESP32/IRSensors/build/bootloader/main/libmain.a'
make[1]: Leaving directory '/home/frode/esp/esp-idf/components/bootloader/src'
make -C /home/frode/GIT/Ghost/ESP32/IRSensors/build/app_update -f /home/frode/esp/esp-idf/make/component_wrapper.mk COMPONENT_MAKEFILE=/home/frode/esp/esp-idf/components/app_update/component.mk COMPONENT_NAME=app_update build
make[1]: Entering directory '/home/frode/GIT/Ghost/ESP32/IRSensors/build/app_update'
make[1]: Leaving directory '/home/frode/GIT/Ghost/ESP32/IRSensors/build/app_update'
Target 'app_update-build' responsible for '/home/frode/GIT/Ghost/ESP32/IRSensors/build/app_update/libapp_update.a'
make -C /home/frode/GIT/Ghost/ESP32/IRSensors/build/bootloader_support -f /home/frode/esp/esp-idf/make/component_wrapper.mk COMPONENT_MAKEFILE=/home/frode/esp/esp-idf/components/bootloader_support/component.mk COMPONENT_NAME=bootloader_support build
make[1]: Entering directory '/home/frode/GIT/Ghost/ESP32/IRSensors/build/bootloader_support'
make[1]: Leaving directory '/home/frode/GIT/Ghost/ESP32/IRSensors/build/bootloader_support'
Target 'bootloader_support-build' responsible for '/home/frode/GIT/Ghost/ESP32/IRSensors/build/bootloader_support/libbootloader_support.a'
make -C /home/frode/GIT/Ghost/ESP32/IRSensors/build/bt -f /home/frode/esp/esp-idf/make/component_wrapper.mk COMPONENT_MAKEFILE=/home/frode/esp/esp-idf/components/bt/component.mk COMPONENT_NAME=bt build
make[1]: Entering directory '/home/frode/GIT/Ghost/ESP32/IRSensors/build/bt'
make[1]: Leaving directory '/home/frode/GIT/Ghost/ESP32/IRSensors/build/bt'
Target 'bt-build' responsible for '/home/frode/GIT/Ghost/ESP32/IRSensors/build/bt/libbt.a'
make -C /home/frode/GIT/Ghost/ESP32/IRSensors/build/coap -f /home/frode/esp/esp-idf/make/component_wrapper.mk COMPONENT_MAKEFILE=/home/frode/esp/esp-idf/components/coap/component.mk COMPONENT_NAME=coap build
make[1]: Entering directory '/home/frode/GIT/Ghost/ESP32/IRSensors/build/coap'
make[1]: Leaving directory '/home/frode/GIT/Ghost/ESP32/IRSensors/build/coap'
Target 'coap-build' responsible for '/home/frode/GIT/Ghost/ESP32/IRSensors/build/coap/libcoap.a'
make -C /home/frode/GIT/Ghost/ESP32/IRSensors/build/cxx -f /home/frode/esp/esp-idf/make/component_wrapper.mk COMPONENT_MAKEFILE=/home/frode/esp/esp-idf/components/cxx/component.mk COMPONENT_NAME=cxx build
make[1]: Entering directory '/home/frode/GIT/Ghost/ESP32/IRSensors/build/cxx'
make[1]: Leaving directory '/home/frode/GIT/Ghost/ESP32/IRSensors/build/cxx'
Target 'cxx-build' responsible for '/home/frode/GIT/Ghost/ESP32/IRSensors/build/cxx/libcxx.a'
make -C /home/frode/GIT/Ghost/ESP32/IRSensors/build/driver -f /home/frode/esp/esp-idf/make/component_wrapper.mk COMPONENT_MAKEFILE=/home/frode/esp/esp-idf/components/driver/component.mk COMPONENT_NAME=driver build
make[1]: Entering directory '/home/frode/GIT/Ghost/ESP32/IRSensors/build/driver'
make[1]: Leaving directory '/home/frode/GIT/Ghost/ESP32/IRSensors/build/driver'
Target 'driver-build' responsible for '/home/frode/GIT/Ghost/ESP32/IRSensors/build/driver/libdriver.a'
make -C /home/frode/GIT/Ghost/ESP32/IRSensors/build/esp32 -f /home/frode/esp/esp-idf/make/component_wrapper.mk COMPONENT_MAKEFILE=/home/frode/esp/esp-idf/components/esp32/component.mk COMPONENT_NAME=esp32 build
make[1]: Entering directory '/home/frode/GIT/Ghost/ESP32/IRSensors/build/esp32'
make[1]: Leaving directory '/home/frode/GIT/Ghost/ESP32/IRSensors/build/esp32'
Target 'esp32-build' responsible for '/home/frode/GIT/Ghost/ESP32/IRSensors/build/esp32/libesp32.a'
make -C /home/frode/GIT/Ghost/ESP32/IRSensors/build/ethernet -f /home/frode/esp/esp-idf/make/component_wrapper.mk COMPONENT_MAKEFILE=/home/frode/esp/esp-idf/components/ethernet/component.mk COMPONENT_NAME=ethernet build
make[1]: Entering directory '/home/frode/GIT/Ghost/ESP32/IRSensors/build/ethernet'
make[1]: Leaving directory '/home/frode/GIT/Ghost/ESP32/IRSensors/build/ethernet'
Target 'ethernet-build' responsible for '/home/frode/GIT/Ghost/ESP32/IRSensors/build/ethernet/libethernet.a'
make -C /home/frode/GIT/Ghost/ESP32/IRSensors/build/expat -f /home/frode/esp/esp-idf/make/component_wrapper.mk COMPONENT_MAKEFILE=/home/frode/esp/esp-idf/components/expat/component.mk COMPONENT_NAME=expat build
make[1]: Entering directory '/home/frode/GIT/Ghost/ESP32/IRSensors/build/expat'
make[1]: Leaving directory '/home/frode/GIT/Ghost/ESP32/IRSensors/build/expat'
Target 'expat-build' responsible for '/home/frode/GIT/Ghost/ESP32/IRSensors/build/expat/libexpat.a'
make -C /home/frode/GIT/Ghost/ESP32/IRSensors/build/fatfs -f /home/frode/esp/esp-idf/make/component_wrapper.mk COMPONENT_MAKEFILE=/home/frode/esp/esp-idf/components/fatfs/component.mk COMPONENT_NAME=fatfs build
make[1]: Entering directory '/home/frode/GIT/Ghost/ESP32/IRSensors/build/fatfs'
make[1]: Leaving directory '/home/frode/GIT/Ghost/ESP32/IRSensors/build/fatfs'
Target 'fatfs-build' responsible for '/home/frode/GIT/Ghost/ESP32/IRSensors/build/fatfs/libfatfs.a'
make -C /home/frode/GIT/Ghost/ESP32/IRSensors/build/freertos -f /home/frode/esp/esp-idf/make/component_wrapper.mk COMPONENT_MAKEFILE=/home/frode/esp/esp-idf/components/freertos/component.mk COMPONENT_NAME=freertos build
make[1]: Entering directory '/home/frode/GIT/Ghost/ESP32/IRSensors/build/freertos'
make[1]: Leaving directory '/home/frode/GIT/Ghost/ESP32/IRSensors/build/freertos'
Target 'freertos-build' responsible for '/home/frode/GIT/Ghost/ESP32/IRSensors/build/freertos/libfreertos.a'
make -C /home/frode/GIT/Ghost/ESP32/IRSensors/build/json -f /home/frode/esp/esp-idf/make/component_wrapper.mk COMPONENT_MAKEFILE=/home/frode/esp/esp-idf/components/json/component.mk COMPONENT_NAME=json build
make[1]: Entering directory '/home/frode/GIT/Ghost/ESP32/IRSensors/build/json'
make[1]: Leaving directory '/home/frode/GIT/Ghost/ESP32/IRSensors/build/json'
Target 'json-build' responsible for '/home/frode/GIT/Ghost/ESP32/IRSensors/build/json/libjson.a'
make -C /home/frode/GIT/Ghost/ESP32/IRSensors/build/log -f /home/frode/esp/esp-idf/make/component_wrapper.mk COMPONENT_MAKEFILE=/home/frode/esp/esp-idf/components/log/component.mk COMPONENT_NAME=log build
make[1]: Entering directory '/home/frode/GIT/Ghost/ESP32/IRSensors/build/log'
make[1]: Leaving directory '/home/frode/GIT/Ghost/ESP32/IRSensors/build/log'
Target 'log-build' responsible for '/home/frode/GIT/Ghost/ESP32/IRSensors/build/log/liblog.a'
make -C /home/frode/GIT/Ghost/ESP32/IRSensors/build/lwip -f /home/frode/esp/esp-idf/make/component_wrapper.mk COMPONENT_MAKEFILE=/home/frode/esp/esp-idf/components/lwip/component.mk COMPONENT_NAME=lwip build
make[1]: Entering directory '/home/frode/GIT/Ghost/ESP32/IRSensors/build/lwip'
make[1]: Leaving directory '/home/frode/GIT/Ghost/ESP32/IRSensors/build/lwip'
Target 'lwip-build' responsible for '/home/frode/GIT/Ghost/ESP32/IRSensors/build/lwip/liblwip.a'
make -C /home/frode/GIT/Ghost/ESP32/IRSensors/build/mbedtls -f /home/frode/esp/esp-idf/make/component_wrapper.mk COMPONENT_MAKEFILE=/home/frode/esp/esp-idf/components/mbedtls/component.mk COMPONENT_NAME=mbedtls build
make[1]: Entering directory '/home/frode/GIT/Ghost/ESP32/IRSensors/build/mbedtls'
make[1]: Leaving directory '/home/frode/GIT/Ghost/ESP32/IRSensors/build/mbedtls'
Target 'mbedtls-build' responsible for '/home/frode/GIT/Ghost/ESP32/IRSensors/build/mbedtls/libmbedtls.a'
make -C /home/frode/GIT/Ghost/ESP32/IRSensors/build/mdns -f /home/frode/esp/esp-idf/make/component_wrapper.mk COMPONENT_MAKEFILE=/home/frode/esp/esp-idf/components/mdns/component.mk COMPONENT_NAME=mdns build
make[1]: Entering directory '/home/frode/GIT/Ghost/ESP32/IRSensors/build/mdns'
make[1]: Leaving directory '/home/frode/GIT/Ghost/ESP32/IRSensors/build/mdns'
Target 'mdns-build' responsible for '/home/frode/GIT/Ghost/ESP32/IRSensors/build/mdns/libmdns.a'
make -C /home/frode/GIT/Ghost/ESP32/IRSensors/build/micro-ecc -f /home/frode/esp/esp-idf/make/component_wrapper.mk COMPONENT_MAKEFILE=/home/frode/esp/esp-idf/components/micro-ecc/component.mk COMPONENT_NAME=micro-ecc build
make[1]: Entering directory '/home/frode/GIT/Ghost/ESP32/IRSensors/build/micro-ecc'
make[1]: Leaving directory '/home/frode/GIT/Ghost/ESP32/IRSensors/build/micro-ecc'
Target 'micro-ecc-build' responsible for '/home/frode/GIT/Ghost/ESP32/IRSensors/build/micro-ecc/libmicro-ecc.a'
make -C /home/frode/GIT/Ghost/ESP32/IRSensors/build/newlib -f /home/frode/esp/esp-idf/make/component_wrapper.mk COMPONENT_MAKEFILE=/home/frode/esp/esp-idf/components/newlib/component.mk COMPONENT_NAME=newlib build
make[1]: Entering directory '/home/frode/GIT/Ghost/ESP32/IRSensors/build/newlib'
make[1]: Leaving directory '/home/frode/GIT/Ghost/ESP32/IRSensors/build/newlib'
Target 'newlib-build' responsible for '/home/frode/GIT/Ghost/ESP32/IRSensors/build/newlib/libnewlib.a'
make -C /home/frode/GIT/Ghost/ESP32/IRSensors/build/nghttp -f /home/frode/esp/esp-idf/make/component_wrapper.mk COMPONENT_MAKEFILE=/home/frode/esp/esp-idf/components/nghttp/component.mk COMPONENT_NAME=nghttp build
make[1]: Entering directory '/home/frode/GIT/Ghost/ESP32/IRSensors/build/nghttp'
make[1]: Leaving directory '/home/frode/GIT/Ghost/ESP32/IRSensors/build/nghttp'
Target 'nghttp-build' responsible for '/home/frode/GIT/Ghost/ESP32/IRSensors/build/nghttp/libnghttp.a'
make -C /home/frode/GIT/Ghost/ESP32/IRSensors/build/nvs_flash -f /home/frode/esp/esp-idf/make/component_wrapper.mk COMPONENT_MAKEFILE=/home/frode/esp/esp-idf/components/nvs_flash/component.mk COMPONENT_NAME=nvs_flash build
make[1]: Entering directory '/home/frode/GIT/Ghost/ESP32/IRSensors/build/nvs_flash'
make[1]: Leaving directory '/home/frode/GIT/Ghost/ESP32/IRSensors/build/nvs_flash'
Target 'nvs_flash-build' responsible for '/home/frode/GIT/Ghost/ESP32/IRSensors/build/nvs_flash/libnvs_flash.a'
make -C /home/frode/GIT/Ghost/ESP32/IRSensors/build/openssl -f /home/frode/esp/esp-idf/make/component_wrapper.mk COMPONENT_MAKEFILE=/home/frode/esp/esp-idf/components/openssl/component.mk COMPONENT_NAME=openssl build
make[1]: Entering directory '/home/frode/GIT/Ghost/ESP32/IRSensors/build/openssl'
make[1]: Leaving directory '/home/frode/GIT/Ghost/ESP32/IRSensors/build/openssl'
Target 'openssl-build' responsible for '/home/frode/GIT/Ghost/ESP32/IRSensors/build/openssl/libopenssl.a'
make -C /home/frode/GIT/Ghost/ESP32/IRSensors/build/sdmmc -f /home/frode/esp/esp-idf/make/component_wrapper.mk COMPONENT_MAKEFILE=/home/frode/esp/esp-idf/components/sdmmc/component.mk COMPONENT_NAME=sdmmc build
make[1]: Entering directory '/home/frode/GIT/Ghost/ESP32/IRSensors/build/sdmmc'
make[1]: Leaving directory '/home/frode/GIT/Ghost/ESP32/IRSensors/build/sdmmc'
Target 'sdmmc-build' responsible for '/home/frode/GIT/Ghost/ESP32/IRSensors/build/sdmmc/libsdmmc.a'
make -C /home/frode/GIT/Ghost/ESP32/IRSensors/build/spi_flash -f /home/frode/esp/esp-idf/make/component_wrapper.mk COMPONENT_MAKEFILE=/home/frode/esp/esp-idf/components/spi_flash/component.mk COMPONENT_NAME=spi_flash build
make[1]: Entering directory '/home/frode/GIT/Ghost/ESP32/IRSensors/build/spi_flash'
make[1]: Leaving directory '/home/frode/GIT/Ghost/ESP32/IRSensors/build/spi_flash'
Target 'spi_flash-build' responsible for '/home/frode/GIT/Ghost/ESP32/IRSensors/build/spi_flash/libspi_flash.a'
make -C /home/frode/GIT/Ghost/ESP32/IRSensors/build/tcpip_adapter -f /home/frode/esp/esp-idf/make/component_wrapper.mk COMPONENT_MAKEFILE=/home/frode/esp/esp-idf/components/tcpip_adapter/component.mk COMPONENT_NAME=tcpip_adapter build
make[1]: Entering directory '/home/frode/GIT/Ghost/ESP32/IRSensors/build/tcpip_adapter'
make[1]: Leaving directory '/home/frode/GIT/Ghost/ESP32/IRSensors/build/tcpip_adapter'
Target 'tcpip_adapter-build' responsible for '/home/frode/GIT/Ghost/ESP32/IRSensors/build/tcpip_adapter/libtcpip_adapter.a'
make -C /home/frode/GIT/Ghost/ESP32/IRSensors/build/ulp -f /home/frode/esp/esp-idf/make/component_wrapper.mk COMPONENT_MAKEFILE=/home/frode/esp/esp-idf/components/ulp/component.mk COMPONENT_NAME=ulp build
make[1]: Entering directory '/home/frode/GIT/Ghost/ESP32/IRSensors/build/ulp'
make[1]: Leaving directory '/home/frode/GIT/Ghost/ESP32/IRSensors/build/ulp'
Target 'ulp-build' responsible for '/home/frode/GIT/Ghost/ESP32/IRSensors/build/ulp/libulp.a'
make -C /home/frode/GIT/Ghost/ESP32/IRSensors/build/vfs -f /home/frode/esp/esp-idf/make/component_wrapper.mk COMPONENT_MAKEFILE=/home/frode/esp/esp-idf/components/vfs/component.mk COMPONENT_NAME=vfs build
make[1]: Entering directory '/home/frode/GIT/Ghost/ESP32/IRSensors/build/vfs'
make[1]: Leaving directory '/home/frode/GIT/Ghost/ESP32/IRSensors/build/vfs'
Target 'vfs-build' responsible for '/home/frode/GIT/Ghost/ESP32/IRSensors/build/vfs/libvfs.a'
make -C /home/frode/GIT/Ghost/ESP32/IRSensors/build/wpa_supplicant -f /home/frode/esp/esp-idf/make/component_wrapper.mk COMPONENT_MAKEFILE=/home/frode/esp/esp-idf/components/wpa_supplicant/component.mk COMPONENT_NAME=wpa_supplicant build
make[1]: Entering directory '/home/frode/GIT/Ghost/ESP32/IRSensors/build/wpa_supplicant'
make[1]: Leaving directory '/home/frode/GIT/Ghost/ESP32/IRSensors/build/wpa_supplicant'
Target 'wpa_supplicant-build' responsible for '/home/frode/GIT/Ghost/ESP32/IRSensors/build/wpa_supplicant/libwpa_supplicant.a'
make -C /home/frode/GIT/Ghost/ESP32/IRSensors/build/xtensa-debug-module -f /home/frode/esp/esp-idf/make/component_wrapper.mk COMPONENT_MAKEFILE=/home/frode/esp/esp-idf/components/xtensa-debug-module/component.mk COMPONENT_NAME=xtensa-debug-module build
make[1]: Entering directory '/home/frode/GIT/Ghost/ESP32/IRSensors/build/xtensa-debug-module'
make[1]: Leaving directory '/home/frode/GIT/Ghost/ESP32/IRSensors/build/xtensa-debug-module'
Target 'xtensa-debug-module-build' responsible for '/home/frode/GIT/Ghost/ESP32/IRSensors/build/xtensa-debug-module/libxtensa-debug-module.a'
make -C /home/frode/GIT/Ghost/ESP32/IRSensors/build/main -f /home/frode/esp/esp-idf/make/component_wrapper.mk COMPONENT_MAKEFILE=/home/frode/GIT/Ghost/ESP32/IRSensors/main/component.mk COMPONENT_NAME=main build
make[1]: Entering directory '/home/frode/GIT/Ghost/ESP32/IRSensors/build/main'
make[1]: Leaving directory '/home/frode/GIT/Ghost/ESP32/IRSensors/build/main'
Target 'main-build' responsible for '/home/frode/GIT/Ghost/ESP32/IRSensors/build/main/libmain.a'
To flash all build output, run 'make flash' or:
python /home/frode/esp/esp-idf/components/esptool_py/esptool/esptool.py --chip esp32 --port /dev/ttyUSB0 --baud 115200 --before default_reset --after hard_reset write_flash -u --flash_mode dio --flash_freq 40m --flash_size detect 0x1000 /home/frode/GIT/Ghost/ESP32/IRSensors/build/bootloader/bootloader.bin 0x10000 /home/frode/GIT/Ghost/ESP32/IRSensors/build/app-template.bin 0x8000 /home/frode/GIT/Ghost/ESP32/IRSensors/build/partitions_singleapp.bin

23:57:02 Build Finished (took 462ms)

