Determining if the pthread_create exist failed with the following output:
Change Dir: /home/frode/GIT/Ghost/ROS/Gazebo/plugin_tutorial/build/CMakeFiles/CMakeTmp

Run Build Command:"/usr/bin/make" "cmTC_7984f/fast"
/usr/bin/make -f CMakeFiles/cmTC_7984f.dir/build.make CMakeFiles/cmTC_7984f.dir/build
make[1]: Entering directory '/home/frode/GIT/Ghost/ROS/Gazebo/plugin_tutorial/build/CMakeFiles/CMakeTmp'
Building C object CMakeFiles/cmTC_7984f.dir/CheckSymbolExists.c.o
/usr/bin/cc     -o CMakeFiles/cmTC_7984f.dir/CheckSymbolExists.c.o   -c /home/frode/GIT/Ghost/ROS/Gazebo/plugin_tutorial/build/CMakeFiles/CMakeTmp/CheckSymbolExists.c
Linking C executable cmTC_7984f
/usr/bin/cmake -E cmake_link_script CMakeFiles/cmTC_7984f.dir/link.txt --verbose=1
/usr/bin/cc       CMakeFiles/cmTC_7984f.dir/CheckSymbolExists.c.o  -o cmTC_7984f -rdynamic 
CMakeFiles/cmTC_7984f.dir/CheckSymbolExists.c.o: In function `main':
CheckSymbolExists.c:(.text+0x16): undefined reference to `pthread_create'
collect2: error: ld returned 1 exit status
CMakeFiles/cmTC_7984f.dir/build.make:97: recipe for target 'cmTC_7984f' failed
make[1]: *** [cmTC_7984f] Error 1
make[1]: Leaving directory '/home/frode/GIT/Ghost/ROS/Gazebo/plugin_tutorial/build/CMakeFiles/CMakeTmp'
Makefile:126: recipe for target 'cmTC_7984f/fast' failed
make: *** [cmTC_7984f/fast] Error 2

File /home/frode/GIT/Ghost/ROS/Gazebo/plugin_tutorial/build/CMakeFiles/CMakeTmp/CheckSymbolExists.c:
/* */
#include <pthread.h>

int main(int argc, char** argv)
{
  (void)argv;
#ifndef pthread_create
  return ((int*)(&pthread_create))[argc];
#else
  (void)argc;
  return 0;
#endif
}

Determining if the function pthread_create exists in the pthreads failed with the following output:
Change Dir: /home/frode/GIT/Ghost/ROS/Gazebo/plugin_tutorial/build/CMakeFiles/CMakeTmp

Run Build Command:"/usr/bin/make" "cmTC_ac02d/fast"
/usr/bin/make -f CMakeFiles/cmTC_ac02d.dir/build.make CMakeFiles/cmTC_ac02d.dir/build
make[1]: Entering directory '/home/frode/GIT/Ghost/ROS/Gazebo/plugin_tutorial/build/CMakeFiles/CMakeTmp'
Building C object CMakeFiles/cmTC_ac02d.dir/CheckFunctionExists.c.o
/usr/bin/cc    -DCHECK_FUNCTION_EXISTS=pthread_create   -o CMakeFiles/cmTC_ac02d.dir/CheckFunctionExists.c.o   -c /usr/share/cmake-3.5/Modules/CheckFunctionExists.c
Linking C executable cmTC_ac02d
/usr/bin/cmake -E cmake_link_script CMakeFiles/cmTC_ac02d.dir/link.txt --verbose=1
/usr/bin/cc   -DCHECK_FUNCTION_EXISTS=pthread_create    CMakeFiles/cmTC_ac02d.dir/CheckFunctionExists.c.o  -o cmTC_ac02d -rdynamic -lpthreads 
/usr/bin/ld: cannot find -lpthreads
collect2: error: ld returned 1 exit status
CMakeFiles/cmTC_ac02d.dir/build.make:97: recipe for target 'cmTC_ac02d' failed
make[1]: *** [cmTC_ac02d] Error 1
make[1]: Leaving directory '/home/frode/GIT/Ghost/ROS/Gazebo/plugin_tutorial/build/CMakeFiles/CMakeTmp'
Makefile:126: recipe for target 'cmTC_ac02d/fast' failed
make: *** [cmTC_ac02d/fast] Error 2


